[0.042s] Invoking command in '/home/tutu/mr_ws_ros2/build/simple_planner': CMAKE_PREFIX_PATH=${CMAKE_PREFIX_PATH}:/opt/ros/foxy /usr/bin/cmake --build /home/tutu/mr_ws_ros2/build/simple_planner -- -j8 -l8
[0.105s] [35m[1mScanning dependencies of target planner[0m
[0.176s] [ 50%] [32mBuilding CXX object CMakeFiles/planner.dir/src/planner.cpp.o[0m
[2.111s] [01m[K/home/tutu/mr_ws_ros2/src/simple_planner/src/planner.cpp:[m[K In member function â€˜[01m[Kstd::unique_lock<std::mutex> simple_planner::Planner::move_to_position(double, double, double, double)[m[Kâ€™:
[2.111s] [01m[K/home/tutu/mr_ws_ros2/src/simple_planner/src/planner.cpp:114:23:[m[K [01;35m[Kwarning: [m[Kmoving a local object in a return statement prevents copy elision [[01;35m[K-Wpessimizing-move[m[K]
[2.111s]   114 |       return [01;35m[Kstd::move(lock)[m[K;
[2.111s]       |              [01;35m[K~~~~~~~~~^~~~~~[m[K
[2.111s] [01m[K/home/tutu/mr_ws_ros2/src/simple_planner/src/planner.cpp:114:23:[m[K [01;36m[Knote: [m[Kremove â€˜[01m[Kstd::move[m[Kâ€™ call
[2.120s] [01m[K/home/tutu/mr_ws_ros2/src/simple_planner/src/planner.cpp:139:27:[m[K [01;35m[Kwarning: [m[Kmoving a local object in a return statement prevents copy elision [[01;35m[K-Wpessimizing-move[m[K]
[2.120s]   139 |           return [01;35m[Kstd::move(lock)[m[K;
[2.120s]       |                  [01;35m[K~~~~~~~~~^~~~~~[m[K
[2.120s] [01m[K/home/tutu/mr_ws_ros2/src/simple_planner/src/planner.cpp:139:27:[m[K [01;36m[Knote: [m[Kremove â€˜[01m[Kstd::move[m[Kâ€™ call
[2.130s] [01m[K/home/tutu/mr_ws_ros2/src/simple_planner/src/planner.cpp:[m[K In member function â€˜[01m[Kbool simple_planner::Planner::indices_in_map(int, int)[m[Kâ€™:
[2.130s] [01m[K/home/tutu/mr_ws_ros2/src/simple_planner/src/planner.cpp:179:32:[m[K [01;35m[Kwarning: [m[Kcomparison of integer expressions of different signedness: â€˜[01m[Kint[m[Kâ€™ and â€˜[01m[Knav_msgs::msg::MapMetaData_<std::allocator<void> >::_width_type[m[Kâ€™ {aka â€˜[01m[Kunsigned int[m[Kâ€™} [[01;35m[K-Wsign-compare[m[K]
[2.130s]   179 |   return i >= 0 && j >= 0 && [01;35m[Ki < map_.info.width[m[K && j < map_.info.height;
[2.130s]       |                              [01;35m[K~~^~~~~~~~~~~~~~~~~[m[K
[2.130s] [01m[K/home/tutu/mr_ws_ros2/src/simple_planner/src/planner.cpp:179:55:[m[K [01;35m[Kwarning: [m[Kcomparison of integer expressions of different signedness: â€˜[01m[Kint[m[Kâ€™ and â€˜[01m[Knav_msgs::msg::MapMetaData_<std::allocator<void> >::_height_type[m[Kâ€™ {aka â€˜[01m[Kunsigned int[m[Kâ€™} [[01;35m[K-Wsign-compare[m[K]
[2.130s]   179 |   return i >= 0 && j >= 0 && i < map_.info.width && [01;35m[Kj < map_.info.height[m[K;
[2.130s]       |                                                     [01;35m[K~~^~~~~~~~~~~~~~~~~~[m[K
[2.136s] [01m[K/home/tutu/mr_ws_ros2/src/simple_planner/src/planner.cpp:[m[K In member function â€˜[01m[Kvoid simple_planner::Planner::increase_obstacles(std::size_t)[m[Kâ€™:
[2.136s] [01m[K/home/tutu/mr_ws_ros2/src/simple_planner/src/planner.cpp:190:21:[m[K [01;35m[Kwarning: [m[Kcomparison of integer expressions of different signedness: â€˜[01m[Kint[m[Kâ€™ and â€˜[01m[Knav_msgs::msg::MapMetaData_<std::allocator<void> >::_width_type[m[Kâ€™ {aka â€˜[01m[Kunsigned int[m[Kâ€™} [[01;35m[K-Wsign-compare[m[K]
[2.136s]   190 |   for (int i = 0; [01;35m[Ki < map_.info.width[m[K; ++i)
[2.136s]       |                   [01;35m[K~~^~~~~~~~~~~~~~~~~[m[K
[2.136s] [01m[K/home/tutu/mr_ws_ros2/src/simple_planner/src/planner.cpp:192:23:[m[K [01;35m[Kwarning: [m[Kcomparison of integer expressions of different signedness: â€˜[01m[Kint[m[Kâ€™ and â€˜[01m[Knav_msgs::msg::MapMetaData_<std::allocator<void> >::_height_type[m[Kâ€™ {aka â€˜[01m[Kunsigned int[m[Kâ€™} [[01;35m[K-Wsign-compare[m[K]
[2.136s]   192 |     for (int j = 0; [01;35m[Kj < map_.info.height[m[K; ++j)
[2.136s]       |                     [01;35m[K~~^~~~~~~~~~~~~~~~~~[m[K
[2.139s] [01m[K/home/tutu/mr_ws_ros2/src/simple_planner/src/planner.cpp:[m[K In member function â€˜[01m[Kdouble simple_planner::Planner::heruistic(int, int)[m[Kâ€™:
[2.139s] [01m[K/home/tutu/mr_ws_ros2/src/simple_planner/src/planner.cpp:240:31:[m[K [01;35m[Kwarning: [m[Kunused parameter â€˜[01m[Ki[m[Kâ€™ [[01;35m[K-Wunused-parameter[m[K]
[2.139s]   240 | double Planner::heruistic([01;35m[Kint i[m[K, int j) {
[2.139s]       |                           [01;35m[K~~~~^[m[K
[2.139s] [01m[K/home/tutu/mr_ws_ros2/src/simple_planner/src/planner.cpp:240:38:[m[K [01;35m[Kwarning: [m[Kunused parameter â€˜[01m[Kj[m[Kâ€™ [[01;35m[K-Wunused-parameter[m[K]
[2.139s]   240 | double Planner::heruistic(int i, [01;35m[Kint j[m[K) {
[2.139s]       |                                  [01;35m[K~~~~^[m[K
[2.140s] [01m[K/home/tutu/mr_ws_ros2/src/simple_planner/src/planner.cpp:[m[K In member function â€˜[01m[Kbool simple_planner::CompareSearchNodes::operator()(const simple_planner::MapIndex&, const simple_planner::MapIndex&) const[m[Kâ€™:
[2.140s] [01m[K/home/tutu/mr_ws_ros2/src/simple_planner/src/planner.cpp:250:9:[m[K [01;31m[Kerror: [m[Kâ€˜[01m[Kleft[m[Kâ€™ was not declared in this scope; did you mean â€˜[01m[Kstd::left[m[Kâ€™?
[2.140s]   250 |     if ([01;31m[Kleft[m[K.g + left.h == right.g + right.h) {
[2.140s]       |         [01;31m[K^~~~[m[K
[2.140s]       |         [32m[Kstd::left[m[K
[2.140s] In file included from [01m[K/usr/include/c++/9/ios:42[m[K,
[2.140s]                  from [01m[K/usr/include/c++/9/ostream:38[m[K,
[2.140s]                  from [01m[K/usr/include/c++/9/iostream:39[m[K,
[2.140s]                  from [01m[K/opt/ros/foxy/include/rclcpp/executor.hpp:22[m[K,
[2.140s]                  from [01m[K/opt/ros/foxy/include/rclcpp/executors/multi_threaded_executor.hpp:26[m[K,
[2.140s]                  from [01m[K/opt/ros/foxy/include/rclcpp/executors.hpp:21[m[K,
[2.141s]                  from [01m[K/opt/ros/foxy/include/rclcpp/rclcpp.hpp:146[m[K,
[2.141s]                  from [01m[K/home/tutu/mr_ws_ros2/src/simple_planner/src/planner.h:4[m[K,
[2.141s]                  from [01m[K/home/tutu/mr_ws_ros2/src/simple_planner/src/planner.cpp:2[m[K:
[2.141s] [01m[K/usr/include/c++/9/bits/ios_base.h:1011:3:[m[K [01;36m[Knote: [m[Kâ€˜[01m[Kstd::left[m[Kâ€™ declared here
[2.141s]  1011 |   [01;36m[Kleft[m[K(ios_base& __base)
[2.141s]       |   [01;36m[K^~~~[m[K
[2.141s] [01m[K/home/tutu/mr_ws_ros2/src/simple_planner/src/planner.cpp:250:28:[m[K [01;31m[Kerror: [m[Kâ€˜[01m[Kright[m[Kâ€™ was not declared in this scope; did you mean â€˜[01m[Kstd::right[m[Kâ€™?
[2.141s]   250 |     if (left.g + left.h == [01;31m[Kright[m[K.g + right.h) {
[2.141s]       |                            [01;31m[K^~~~~[m[K
[2.141s]       |                            [32m[Kstd::right[m[K
[2.141s] In file included from [01m[K/usr/include/c++/9/ios:42[m[K,
[2.141s]                  from [01m[K/usr/include/c++/9/ostream:38[m[K,
[2.142s]                  from [01m[K/usr/include/c++/9/iostream:39[m[K,
[2.142s]                  from [01m[K/opt/ros/foxy/include/rclcpp/executor.hpp:22[m[K,
[2.142s]                  from [01m[K/opt/ros/foxy/include/rclcpp/executors/multi_threaded_executor.hpp:26[m[K,
[2.142s]                  from [01m[K/opt/ros/foxy/include/rclcpp/executors.hpp:21[m[K,
[2.142s]                  from [01m[K/opt/ros/foxy/include/rclcpp/rclcpp.hpp:146[m[K,
[2.142s]                  from [01m[K/home/tutu/mr_ws_ros2/src/simple_planner/src/planner.h:4[m[K,
[2.142s]                  from [01m[K/home/tutu/mr_ws_ros2/src/simple_planner/src/planner.cpp:2[m[K:
[2.142s] [01m[K/usr/include/c++/9/bits/ios_base.h:1019:3:[m[K [01;36m[Knote: [m[Kâ€˜[01m[Kstd::right[m[Kâ€™ declared here
[2.142s]  1019 |   [01;36m[Kright[m[K(ios_base& __base)
[2.142s]       |   [01;36m[K^~~~~[m[K
[2.142s] [01m[K/home/tutu/mr_ws_ros2/src/simple_planner/src/planner.cpp:256:12:[m[K [01;31m[Kerror: [m[Kâ€˜[01m[Kleft[m[Kâ€™ was not declared in this scope; did you mean â€˜[01m[Kstd::left[m[Kâ€™?
[2.142s]   256 |     return [01;31m[Kleft[m[K.g + left.h < right.g + right.h;
[2.142s]       |            [01;31m[K^~~~[m[K
[2.142s]       |            [32m[Kstd::left[m[K
[2.142s] In file included from [01m[K/usr/include/c++/9/ios:42[m[K,
[2.142s]                  from [01m[K/usr/include/c++/9/ostream:38[m[K,
[2.142s]                  from [01m[K/usr/include/c++/9/iostream:39[m[K,
[2.142s]                  from [01m[K/opt/ros/foxy/include/rclcpp/executor.hpp:22[m[K,
[2.143s]                  from [01m[K/opt/ros/foxy/include/rclcpp/executors/multi_threaded_executor.hpp:26[m[K,
[2.143s]                  from [01m[K/opt/ros/foxy/include/rclcpp/executors.hpp:21[m[K,
[2.143s]                  from [01m[K/opt/ros/foxy/include/rclcpp/rclcpp.hpp:146[m[K,
[2.143s]                  from [01m[K/home/tutu/mr_ws_ros2/src/simple_planner/src/planner.h:4[m[K,
[2.143s]                  from [01m[K/home/tutu/mr_ws_ros2/src/simple_planner/src/planner.cpp:2[m[K:
[2.143s] [01m[K/usr/include/c++/9/bits/ios_base.h:1011:3:[m[K [01;36m[Knote: [m[Kâ€˜[01m[Kstd::left[m[Kâ€™ declared here
[2.143s]  1011 |   [01;36m[Kleft[m[K(ios_base& __base)
[2.143s]       |   [01;36m[K^~~~[m[K
[2.143s] [01m[K/home/tutu/mr_ws_ros2/src/simple_planner/src/planner.cpp:256:30:[m[K [01;31m[Kerror: [m[Kâ€˜[01m[Kright[m[Kâ€™ was not declared in this scope; did you mean â€˜[01m[Kstd::right[m[Kâ€™?
[2.143s]   256 |     return left.g + left.h < [01;31m[Kright[m[K.g + right.h;
[2.143s]       |                              [01;31m[K^~~~~[m[K
[2.143s]       |                              [32m[Kstd::right[m[K
[2.143s] In file included from [01m[K/usr/include/c++/9/ios:42[m[K,
[2.143s]                  from [01m[K/usr/include/c++/9/ostream:38[m[K,
[2.143s]                  from [01m[K/usr/include/c++/9/iostream:39[m[K,
[2.143s]                  from [01m[K/opt/ros/foxy/include/rclcpp/executor.hpp:22[m[K,
[2.143s]                  from [01m[K/opt/ros/foxy/include/rclcpp/executors/multi_threaded_executor.hpp:26[m[K,
[2.143s]                  from [01m[K/opt/ros/foxy/include/rclcpp/executors.hpp:21[m[K,
[2.144s]                  from [01m[K/opt/ros/foxy/include/rclcpp/rclcpp.hpp:146[m[K,
[2.144s]                  from [01m[K/home/tutu/mr_ws_ros2/src/simple_planner/src/planner.h:4[m[K,
[2.144s]                  from [01m[K/home/tutu/mr_ws_ros2/src/simple_planner/src/planner.cpp:2[m[K:
[2.144s] [01m[K/usr/include/c++/9/bits/ios_base.h:1019:3:[m[K [01;36m[Knote: [m[Kâ€˜[01m[Kstd::right[m[Kâ€™ declared here
[2.144s]  1019 |   [01;36m[Kright[m[K(ios_base& __base)
[2.144s]       |   [01;36m[K^~~~~[m[K
[2.152s] [01m[K/home/tutu/mr_ws_ros2/src/simple_planner/src/planner.cpp:[m[K In member function â€˜[01m[Kvoid simple_planner::Planner::calculate_path()[m[Kâ€™:
[2.153s] [01m[K/home/tutu/mr_ws_ros2/src/simple_planner/src/planner.cpp:331:13:[m[K [01;35m[Kwarning: [m[Kunused variable â€˜[01m[Knode[m[Kâ€™ [[01;35m[K-Wunused-variable[m[K]
[2.153s]   331 |       auto& [01;35m[Knode[m[K = map_value(search_map_, point.i, point.j);
[2.153s]       |             [01;35m[K^~~~[m[K
[2.153s] [01m[K/home/tutu/mr_ws_ros2/src/simple_planner/src/planner.cpp:[m[K At global scope:
[2.154s] [01m[K/home/tutu/mr_ws_ros2/src/simple_planner/src/planner.cpp:336:1:[m[K [01;31m[Kerror: [m[Kexpected â€˜[01m[K}[m[Kâ€™ at end of input
[2.154s]   336 | [01;31m[K}[m[K
[2.154s]       | [01;31m[K^[m[K
[2.154s] [01m[K/home/tutu/mr_ws_ros2/src/simple_planner/src/planner.cpp:12:1:[m[K [01;36m[Knote: [m[Kto match this â€˜[01m[K{[m[Kâ€™
[2.154s]    12 | [01;36m[K{[m[K
[2.154s]       | [01;36m[K^[m[K
[4.638s] make[2]: *** [CMakeFiles/planner.dir/build.make:63ï¼šCMakeFiles/planner.dir/src/planner.cpp.o] é”™è¯¯ 1
[4.638s] make[1]: *** [CMakeFiles/Makefile2:105ï¼šCMakeFiles/planner.dir/all] é”™è¯¯ 2
[4.638s] make: *** [Makefile:141ï¼šall] é”™è¯¯ 2
[4.640s] Invoked command in '/home/tutu/mr_ws_ros2/build/simple_planner' returned '2': CMAKE_PREFIX_PATH=${CMAKE_PREFIX_PATH}:/opt/ros/foxy /usr/bin/cmake --build /home/tutu/mr_ws_ros2/build/simple_planner -- -j8 -l8
